<?xml version="1.0" encoding="UTF-8"?>
<!-- Generated by org.testng.reporters.JUnitXMLReporter -->
<testsuite ignored="0" hostname="Suraj_PC" failures="0" tests="8" name="Test" time="68.311" errors="0" timestamp="2024-07-20T12:08:01 IST">
  <testcase classname="TestNg.Honda" name="HondaBike" time="17.612"/>
  <testcase classname="TestNg.RoyalInfiled" name="RoyalBike" time="3.993"/>
  <testcase classname="TestNg.Tvs" name="TvsBike" time="11.122"/>
  <testcase classname="Basic2.Shoes" name="Addidas" time="6.399"/>
  <testcase classname="Basic2.Shoes" name="Nike" time="6.127"/>
  <testcase classname="Basic2.Shoes" name="Puma" time="9.771"/>
  <testcase classname="Basic2.Shoes" name="Shoes" time="7.082"/>
  <testcase classname="Basic2.Shoes" name="canverse" time="6.141"/>
</testsuite> <!-- Test -->
