<?xml version="1.0" encoding="UTF-8"?>
<!-- Generated by org.testng.reporters.JUnitXMLReporter -->
<testsuite ignored="0" hostname="Suraj_PC" failures="0" tests="6" name="Test2" time="40.707" errors="0" timestamp="2024-07-11T11:42:39 IST">
  <testcase classname="TestNg.Honda" name="HondaBike" time="12.745"/>
  <testcase classname="TestNg2.Appache" name="AppacheBike" time="3.447"/>
  <testcase classname="TestNg.RoyalInfiled" name="RoyalBike" time="5.253"/>
  <testcase classname="TestNg2.MT15" name="MT15Bike" time="5.367"/>
  <testcase classname="TestNg.Tvs" name="TvsBike" time="10.495"/>
  <testcase classname="TestNg2.Duke" name="DukeBike" time="3.383"/>
</testsuite> <!-- Test2 -->
