<?xml version="1.0" encoding="UTF-8"?>
<!-- Generated by org.testng.reporters.JUnitXMLReporter -->
<testsuite ignored="0" hostname="Suraj_PC" failures="0" tests="6" name="Test1" time="55.35" errors="0" timestamp="2024-07-11T11:41:58 IST">
  <testcase classname="TestNg.Honda" name="HondaBike" time="22.34"/>
  <testcase classname="TestNg2.Appache" name="AppacheBike" time="5.081"/>
  <testcase classname="TestNg.RoyalInfiled" name="RoyalBike" time="5.783"/>
  <testcase classname="TestNg2.MT15" name="MT15Bike" time="5.677"/>
  <testcase classname="TestNg.Tvs" name="TvsBike" time="10.628"/>
  <testcase classname="TestNg2.Duke" name="DukeBike" time="5.766"/>
</testsuite> <!-- Test1 -->
