<?xml version="1.0" encoding="UTF-8"?>
<testng-results ignored="0" total="2" passed="0" failed="1" skipped="1">
  <reporter-output>
  </reporter-output>
  <suite started-at="2024-07-29T12:20:48 IST" name="Default suite" finished-at="2024-07-29T12:20:49 IST" duration-ms="1094">
    <groups>
    </groups>
    <test started-at="2024-07-29T12:20:48 IST" name="Default test" finished-at="2024-07-29T12:20:49 IST" duration-ms="1094">
      <class name="TestNg.CratingDependencies">
        <test-method signature="CreateAccount()[pri:1, instance:TestNg.CratingDependencies@61001b64]" started-at="2024-07-29T12:20:48 IST" name="CreateAccount" finished-at="2024-07-29T12:20:49 IST" duration-ms="1024" status="FAIL">
          <exception class="org.testng.internal.thread.ThreadTimeoutException">
            <message>
              <![CDATA[Method TestNg.CratingDependencies.CreateAccount() didn't finish within the time-out 1000]]>
            </message>
            <full-stacktrace>
              <![CDATA[org.testng.internal.thread.ThreadTimeoutException: Method TestNg.CratingDependencies.CreateAccount() didn't finish within the time-out 1000
at java.base@17.0.10/java.io.WinNTFileSystem.getBooleanAttributes(Native Method)
at java.base@17.0.10/java.io.FileSystem.hasBooleanAttributes(FileSystem.java:125)
at java.base@17.0.10/java.io.File.exists(File.java:834)
at java.base@17.0.10/jdk.internal.loader.URLClassPath$FileLoader.getResource(URLClassPath.java:1262)
at java.base@17.0.10/jdk.internal.loader.URLClassPath.getResource(URLClassPath.java:319)
at java.base@17.0.10/jdk.internal.loader.BuiltinClassLoader.findClassOnClassPathOrNull(BuiltinClassLoader.java:757)
at java.base@17.0.10/jdk.internal.loader.BuiltinClassLoader.loadClassOrNull(BuiltinClassLoader.java:681)
at java.base@17.0.10/jdk.internal.loader.BuiltinClassLoader.loadClass(BuiltinClassLoader.java:639)
at java.base@17.0.10/jdk.internal.loader.ClassLoaders$AppClassLoader.loadClass(ClassLoaders.java:188)
at java.base@17.0.10/java.lang.ClassLoader.loadClass(ClassLoader.java:525)
at app//org.openqa.selenium.remote.NewSessionPayload.<init>(NewSessionPayload.java:76)
at app//org.openqa.selenium.remote.NewSessionPayload.create(NewSessionPayload.java:127)
at app//org.openqa.selenium.remote.NewSessionPayload.create(NewSessionPayload.java:111)
at app//org.openqa.selenium.remote.ProtocolHandshake.createSession(ProtocolHandshake.java:67)
at app//org.openqa.selenium.remote.HttpCommandExecutor.execute(HttpCommandExecutor.java:163)
at app//org.openqa.selenium.remote.service.DriverCommandExecutor.invokeExecute(DriverCommandExecutor.java:200)
at app//org.openqa.selenium.remote.service.DriverCommandExecutor.execute(DriverCommandExecutor.java:175)
at app//org.openqa.selenium.remote.RemoteWebDriver.execute(RemoteWebDriver.java:523)
at app//org.openqa.selenium.remote.RemoteWebDriver.startSession(RemoteWebDriver.java:237)
at app//org.openqa.selenium.remote.RemoteWebDriver.<init>(RemoteWebDriver.java:164)
at app//org.openqa.selenium.chromium.ChromiumDriver.<init>(ChromiumDriver.java:114)
at app//org.openqa.selenium.chrome.ChromeDriver.<init>(ChromeDriver.java:89)
at app//org.openqa.selenium.chrome.ChromeDriver.<init>(ChromeDriver.java:84)
at app//org.openqa.selenium.chrome.ChromeDriver.<init>(ChromeDriver.java:52)
at app//TestNg.CratingDependencies.CreateAccount(CratingDependencies.java:14)
at java.base@17.0.10/jdk.internal.reflect.NativeMethodAccessorImpl.invoke0(Native Method)
at java.base@17.0.10/jdk.internal.reflect.NativeMethodAccessorImpl.invoke(NativeMethodAccessorImpl.java:77)
at java.base@17.0.10/jdk.internal.reflect.DelegatingMethodAccessorImpl.invoke(DelegatingMethodAccessorImpl.java:43)
at java.base@17.0.10/java.lang.reflect.Method.invoke(Method.java:568)
at app//org.testng.internal.invokers.MethodInvocationHelper.invokeMethod(MethodInvocationHelper.java:139)
at app//org.testng.internal.invokers.InvokeMethodRunnable.runOne(InvokeMethodRunnable.java:47)
at app//org.testng.internal.invokers.InvokeMethodRunnable.call(InvokeMethodRunnable.java:76)
at app//org.testng.internal.invokers.InvokeMethodRunnable.call(InvokeMethodRunnable.java:11)
at java.base@17.0.10/java.util.concurrent.FutureTask.run(FutureTask.java:264)
at java.base@17.0.10/java.util.concurrent.ThreadPoolExecutor.runWorker(ThreadPoolExecutor.java:1136)
at java.base@17.0.10/java.util.concurrent.ThreadPoolExecutor$Worker.run(ThreadPoolExecutor.java:635)
at java.base@17.0.10/java.lang.Thread.run(Thread.java:840)
]]>
            </full-stacktrace>
          </exception> <!-- org.testng.internal.thread.ThreadTimeoutException -->
          <reporter-output>
          </reporter-output>
        </test-method> <!-- CreateAccount -->
        <test-method signature="DeleteAccount()[pri:0, instance:TestNg.CratingDependencies@61001b64]" started-at="2024-07-29T12:20:49 IST" name="DeleteAccount" finished-at="2024-07-29T12:20:49 IST" depends-on-methods="TestNg.CratingDependencies.CreateAccount" duration-ms="1" status="SKIP">
          <exception class="java.lang.Throwable">
            <message>
              <![CDATA[Method TestNg.CratingDependencies.DeleteAccount() on instance TestNg.CratingDependencies@61001b64 depends on not successfully finished methods 
[TestNg.CratingDependencies.CreateAccount() on instance TestNg.CratingDependencies@61001b64]]]>
            </message>
            <full-stacktrace>
              <![CDATA[java.lang.Throwable: Method TestNg.CratingDependencies.DeleteAccount() on instance TestNg.CratingDependencies@61001b64 depends on not successfully finished methods 
[TestNg.CratingDependencies.CreateAccount() on instance TestNg.CratingDependencies@61001b64]
at org.testng.internal.invokers.TestInvoker.invokeTestMethods(TestInvoker.java:156)
at org.testng.internal.invokers.TestMethodWorker.invokeTestMethods(TestMethodWorker.java:148)
at org.testng.internal.invokers.TestMethodWorker.run(TestMethodWorker.java:128)
at java.base/java.util.ArrayList.forEach(ArrayList.java:1511)
at org.testng.TestRunner.privateRun(TestRunner.java:848)
at org.testng.TestRunner.run(TestRunner.java:621)
at org.testng.SuiteRunner.runTest(SuiteRunner.java:443)
at org.testng.SuiteRunner.runSequentially(SuiteRunner.java:437)
at org.testng.SuiteRunner.privateRun(SuiteRunner.java:397)
at org.testng.SuiteRunner.run(SuiteRunner.java:336)
at org.testng.SuiteRunnerWorker.runSuite(SuiteRunnerWorker.java:52)
at org.testng.SuiteRunnerWorker.run(SuiteRunnerWorker.java:95)
at org.testng.TestNG.runSuitesSequentially(TestNG.java:1280)
at org.testng.TestNG.runSuitesLocally(TestNG.java:1200)
at org.testng.TestNG.runSuites(TestNG.java:1114)
at org.testng.TestNG.run(TestNG.java:1082)
at org.testng.remote.AbstractRemoteTestNG.run(AbstractRemoteTestNG.java:115)
at org.testng.remote.RemoteTestNG.initAndRun(RemoteTestNG.java:251)
at org.testng.remote.RemoteTestNG.main(RemoteTestNG.java:77)
]]>
            </full-stacktrace>
          </exception> <!-- java.lang.Throwable -->
          <reporter-output>
          </reporter-output>
        </test-method> <!-- DeleteAccount -->
      </class> <!-- TestNg.CratingDependencies -->
    </test> <!-- Default test -->
  </suite> <!-- Default suite -->
</testng-results>
